[INFO] [pyani.scripts.pyani_script]: Processed arguments: Namespace(citation=False, classes=PosixPath('figure_3_genomes/classes.txt'), dbpath=PosixPath('.pyani/pyanidb'), debug=False, disable_tqdm=False, filter_exe=PosixPath('delta-filter'), func=<function subcmd_anim at 0x2b0e9244d6a8>, indir=PosixPath('figure_3_genomes'), jobprefix='PYANI', labels=PosixPath('figure_3_genomes/labels.txt'), logfile=PosixPath('06_anim.log'), maxmatch=False, name='figure3_Dickeya', nofilter=False, nucmer_exe=PosixPath('nucmer'), outdir=PosixPath('figure_3_ANIm'), recovery=False, scheduler='SGE', sgeargs=None, sgegroupsize=10000, verbose=True, workers=None)
[INFO] [pyani.scripts.pyani_script]: command-line: /mnt/shared/scratch/synology/lp40866/apps/conda/envs/pyani/bin/pyani anim -v -l 06_anim.log --scheduler SGE figure_3_genomes/ figure_3_ANIm/ --name figure3_Dickeya --labels figure_3_genomes/labels.txt --classes figure_3_genomes/classes.txt
[INFO] [pyani.scripts.pyani_script]: CITATION INFO
[INFO] [pyani.scripts.pyani_script]: If you use pyani in your work, please cite the following publication:
[INFO] [pyani.scripts.pyani_script]: 	Pritchard, L., Glover, R. H., Humphris, S., Elphinstone, J. G.,
[INFO] [pyani.scripts.pyani_script]: 	& Toth, I.K. (2016) 'Genomics and taxonomy in diagnostics for
[INFO] [pyani.scripts.pyani_script]: 	food security: soft-rotting enterobacterial plant pathogens.'
[INFO] [pyani.scripts.pyani_script]: 	Analytical Methods, 8(1), 12–24. http://doi.org/10.1039/C5AY02550H
[INFO] [pyani.scripts.pyani_script]: DEPENDENCIES
[INFO] [pyani.scripts.pyani_script]: The authors of pyani gratefully acknowledge its dependence on
[INFO] [pyani.scripts.pyani_script]: the following bioinformatics software:
[INFO] [pyani.scripts.pyani_script]: 	MUMmer3: S. Kurtz, A. Phillippy, A.L. Delcher, M. Smoot, M. Shumway,
[INFO] [pyani.scripts.pyani_script]: 	C. Antonescu, and S.L. Salzberg (2004), 'Versatile and open software
[INFO] [pyani.scripts.pyani_script]: 	for comparing large genomes' Genome Biology 5:R12
[INFO] [pyani.scripts.pyani_script]: 	BLAST+: Camacho C., Coulouris G., Avagyan V., Ma N., Papadopoulos J.,
[INFO] [pyani.scripts.pyani_script]: 	Bealer K., & Madden T.L. (2008) 'BLAST+: architecture and applications.'
[INFO] [pyani.scripts.pyani_script]: 	BMC Bioinformatics 10:421.
[INFO] [pyani.scripts.pyani_script]: 	BLAST: Altschul, S.F., Madden, T.L., Schäffer, A.A., Zhang, J.,
[INFO] [pyani.scripts.pyani_script]: 	Zhang, Z., Miller, W. & Lipman, D.J. (1997) 'Gapped BLAST and PSI-BLAST:
[INFO] [pyani.scripts.pyani_script]: 	a new generation of protein database search programs.' Nucleic Acids Res.
[INFO] [pyani.scripts.pyani_script]: 	25:3389-3402
[INFO] [pyani.scripts.pyani_script]: 	Biopython: Cock PA, Antao T, Chang JT, Chapman BA, Cox CJ, Dalke A,
[INFO] [pyani.scripts.pyani_script]: 	Friedberg I, Hamelryck T, Kauff F, Wilczynski B and de Hoon MJL
[INFO] [pyani.scripts.pyani_script]: 	(2009) Biopython: freely available Python tools for computational
[INFO] [pyani.scripts.pyani_script]: 	molecular biology and bioinformatics. Bioinformatics, 25, 1422-1423
[INFO] [pyani.scripts.subcommands.subcmd_anim]: Running ANIm analysis
[INFO] [pyani.scripts.subcommands.subcmd_anim]: MUMMer nucmer version: Linux_3.1
[INFO] [pyani.scripts.subcommands.subcmd_anim]: Analysis name: figure3_Dickeya
[INFO] [pyani.scripts.subcommands.subcmd_anim]: Generating ANIm command-lines
[INFO] [pyani.scripts.subcommands.subcmd_anim]: Compiling genomes for comparison
[INFO] [pyani.scripts.subcommands.subcmd_anim]: Compiling pairwise comparisons (this can take time for large datasets)...
[INFO] [pyani.scripts.subcommands.subcmd_anim]: 	...total parwise comparisons to be performed: 91
[INFO] [pyani.scripts.subcommands.subcmd_anim]: Checking database for existing comparison data...
[INFO] [pyani.scripts.subcommands.subcmd_anim]: 	...after check, still need to run 0 comparisons
[INFO] [pyani.scripts.subcommands.subcmd_anim]: All comparison results present in database (skipping comparisons)
[INFO] [pyani.scripts.subcommands.subcmd_anim]: Updating summary matrices with existing results
[INFO] [pyani.scripts.pyani_script]: Completed. Time taken: 16.643
