[INFO] [pyani.scripts.pyani_script]: Processed arguments: Namespace(citation=False, dbpath=PosixPath('.pyani/pyanidb'), debug=False, disable_tqdm=False, force=False, func=<function subcmd_createdb at 0x7fb041b060d0>, logfile=PosixPath('logs/pyani_01_createdb.log'), verbose=False)
[INFO] [pyani.scripts.pyani_script]: command-line: /Users/lpritc/opt/anaconda3/envs/pyani_py38/bin/pyani createdb -l logs/pyani_01_createdb.log
[INFO] [pyani.scripts.pyani_script]: CITATION INFO
[INFO] [pyani.scripts.pyani_script]: If you use pyani in your work, please cite the following publication:
[INFO] [pyani.scripts.pyani_script]: 	Pritchard, L., Glover, R. H., Humphris, S., Elphinstone, J. G.,
[INFO] [pyani.scripts.pyani_script]: 	& Toth, I.K. (2016) 'Genomics and taxonomy in diagnostics for
[INFO] [pyani.scripts.pyani_script]: 	food security: soft-rotting enterobacterial plant pathogens.'
[INFO] [pyani.scripts.pyani_script]: 	Analytical Methods, 8(1), 12–24. http://doi.org/10.1039/C5AY02550H
[INFO] [pyani.scripts.pyani_script]: DEPENDENCIES
[INFO] [pyani.scripts.pyani_script]: The authors of pyani gratefully acknowledge its dependence on
[INFO] [pyani.scripts.pyani_script]: the following bioinformatics software:
[INFO] [pyani.scripts.pyani_script]: 	MUMmer3: S. Kurtz, A. Phillippy, A.L. Delcher, M. Smoot, M. Shumway,
[INFO] [pyani.scripts.pyani_script]: 	C. Antonescu, and S.L. Salzberg (2004), 'Versatile and open software
[INFO] [pyani.scripts.pyani_script]: 	for comparing large genomes' Genome Biology 5:R12
[INFO] [pyani.scripts.pyani_script]: 	BLAST+: Camacho C., Coulouris G., Avagyan V., Ma N., Papadopoulos J.,
[INFO] [pyani.scripts.pyani_script]: 	Bealer K., & Madden T.L. (2008) 'BLAST+: architecture and applications.'
[INFO] [pyani.scripts.pyani_script]: 	BMC Bioinformatics 10:421.
[INFO] [pyani.scripts.pyani_script]: 	BLAST: Altschul, S.F., Madden, T.L., Schäffer, A.A., Zhang, J.,
[INFO] [pyani.scripts.pyani_script]: 	Zhang, Z., Miller, W. & Lipman, D.J. (1997) 'Gapped BLAST and PSI-BLAST:
[INFO] [pyani.scripts.pyani_script]: 	a new generation of protein database search programs.' Nucleic Acids Res.
[INFO] [pyani.scripts.pyani_script]: 	25:3389-3402
[INFO] [pyani.scripts.pyani_script]: 	Biopython: Cock PA, Antao T, Chang JT, Chapman BA, Cox CJ, Dalke A,
[INFO] [pyani.scripts.pyani_script]: 	Friedberg I, Hamelryck T, Kauff F, Wilczynski B and de Hoon MJL
[INFO] [pyani.scripts.pyani_script]: 	(2009) Biopython: freely available Python tools for computational
[INFO] [pyani.scripts.pyani_script]: 	molecular biology and bioinformatics. Bioinformatics, 25, 1422-1423
[INFO] [pyani.scripts.subcommands.subcmd_createdb]: Creating database directory .pyani
[INFO] [pyani.scripts.subcommands.subcmd_createdb]: Creating pyani database at .pyani/pyanidb
[INFO] [pyani.scripts.pyani_script]: Completed. Time taken: 0.024
