[INFO] [pyani.scripts.pyani_script]: Processed arguments: Namespace(citation=False, dbpath=PosixPath('.pyani/pyanidb'), debug=False, disable_tqdm=False, formats='png,pdf', func=<function subcmd_plot at 0x7f95085fc430>, logfile=PosixPath('logs/pyani_04_plot.log'), method='seaborn', outdir=PosixPath('anim_output'), run_id='1', verbose=False)
[INFO] [pyani.scripts.pyani_script]: command-line: /Users/lpritc/opt/anaconda3/envs/pyani_py38/bin/pyani plot -l logs/pyani_04_plot.log --formats png,pdf --method seaborn anim_output 1
[INFO] [pyani.scripts.pyani_script]: CITATION INFO
[INFO] [pyani.scripts.pyani_script]: If you use pyani in your work, please cite the following publication:
[INFO] [pyani.scripts.pyani_script]: 	Pritchard, L., Glover, R. H., Humphris, S., Elphinstone, J. G.,
[INFO] [pyani.scripts.pyani_script]: 	& Toth, I.K. (2016) 'Genomics and taxonomy in diagnostics for
[INFO] [pyani.scripts.pyani_script]: 	food security: soft-rotting enterobacterial plant pathogens.'
[INFO] [pyani.scripts.pyani_script]: 	Analytical Methods, 8(1), 12–24. http://doi.org/10.1039/C5AY02550H
[INFO] [pyani.scripts.pyani_script]: DEPENDENCIES
[INFO] [pyani.scripts.pyani_script]: The authors of pyani gratefully acknowledge its dependence on
[INFO] [pyani.scripts.pyani_script]: the following bioinformatics software:
[INFO] [pyani.scripts.pyani_script]: 	MUMmer3: S. Kurtz, A. Phillippy, A.L. Delcher, M. Smoot, M. Shumway,
[INFO] [pyani.scripts.pyani_script]: 	C. Antonescu, and S.L. Salzberg (2004), 'Versatile and open software
[INFO] [pyani.scripts.pyani_script]: 	for comparing large genomes' Genome Biology 5:R12
[INFO] [pyani.scripts.pyani_script]: 	BLAST+: Camacho C., Coulouris G., Avagyan V., Ma N., Papadopoulos J.,
[INFO] [pyani.scripts.pyani_script]: 	Bealer K., & Madden T.L. (2008) 'BLAST+: architecture and applications.'
[INFO] [pyani.scripts.pyani_script]: 	BMC Bioinformatics 10:421.
[INFO] [pyani.scripts.pyani_script]: 	BLAST: Altschul, S.F., Madden, T.L., Schäffer, A.A., Zhang, J.,
[INFO] [pyani.scripts.pyani_script]: 	Zhang, Z., Miller, W. & Lipman, D.J. (1997) 'Gapped BLAST and PSI-BLAST:
[INFO] [pyani.scripts.pyani_script]: 	a new generation of protein database search programs.' Nucleic Acids Res.
[INFO] [pyani.scripts.pyani_script]: 	25:3389-3402
[INFO] [pyani.scripts.pyani_script]: 	Biopython: Cock PA, Antao T, Chang JT, Chapman BA, Cox CJ, Dalke A,
[INFO] [pyani.scripts.pyani_script]: 	Friedberg I, Hamelryck T, Kauff F, Wilczynski B and de Hoon MJL
[INFO] [pyani.scripts.pyani_script]: 	(2009) Biopython: freely available Python tools for computational
[INFO] [pyani.scripts.pyani_script]: 	molecular biology and bioinformatics. Bioinformatics, 25, 1422-1423
[INFO] [pyani.scripts.subcommands.subcmd_plot]: Generating graphical output for analyses
[INFO] [pyani.scripts.subcommands.subcmd_plot]: Writing output to: anim_output
[INFO] [pyani.scripts.subcommands.subcmd_plot]: Rendering method: seaborn
[INFO] [pyani.scripts.subcommands.subcmd_plot]: Writing identity matrix heatmaps
[INFO] [pyani.scripts.subcommands.subcmd_plot]: Writing distribution plot for identity matrix
[INFO] [pyani.scripts.subcommands.subcmd_plot]: Writing coverage matrix heatmaps
[INFO] [pyani.scripts.subcommands.subcmd_plot]: Writing distribution plot for coverage matrix
[INFO] [pyani.scripts.subcommands.subcmd_plot]: Writing aln_lengths matrix heatmaps
[INFO] [pyani.scripts.subcommands.subcmd_plot]: Writing distribution plot for aln_lengths matrix
[INFO] [pyani.scripts.subcommands.subcmd_plot]: Writing sim_errors matrix heatmaps
[INFO] [pyani.scripts.subcommands.subcmd_plot]: Writing distribution plot for sim_errors matrix
[INFO] [pyani.scripts.subcommands.subcmd_plot]: Writing hadamard matrix heatmaps
[INFO] [pyani.scripts.subcommands.subcmd_plot]: Writing distribution plot for hadamard matrix
[INFO] [pyani.scripts.pyani_script]: Completed. Time taken: 274.800
